<?xml version="1.0" encoding="UTF-8"?>
<!-- Generated by org.testng.reporters.JUnitReportReporter -->
<testsuite skipped="0" hostname="WKWIN5256155" name="com.crm.qa.testcases.HomePageTest" tests="1" failures="0" timestamp="22 Apr 2020 21:13:31 GMT" time="26.803" errors="0">
  <testcase name="verifyHomePageTitleTest" time="26.803" classname="com.crm.qa.testcases.HomePageTest"/>
</testsuite> <!-- com.crm.qa.testcases.HomePageTest -->
