<?xml version="1.0" encoding="UTF-8"?>
<!-- Generated by org.testng.reporters.JUnitReportReporter -->
<testsuite skipped="0" hostname="WKWIN5256155" name="com.crm.qa.testcases.FreeCrmTest" tests="1" failures="0" timestamp="22 Mar 2020 05:53:48 GMT" time="28.595" errors="0">
  <testcase name="freeCrmTitleTest" time="28.595" classname="com.crm.qa.testcases.FreeCrmTest"/>
</testsuite> <!-- com.crm.qa.testcases.FreeCrmTest -->
